<?xml version="1.0" encoding="UTF-8"?>
<testng-results ignored="0" total="3" passed="3" failed="0" skipped="0">
  <reporter-output>
    <line>
      <![CDATA[bun succesfully]]>
    </line>
    <line>
      <![CDATA[gun succesfully]]>
    </line>
    <line>
      <![CDATA[run succesfully]]>
    </line>
  </reporter-output>
  <suite started-at="2021-09-07T20:50:36 IST" name="Default suite" finished-at="2021-09-07T20:50:36 IST" duration-ms="113">
    <groups>
    </groups>
    <test started-at="2021-09-07T20:50:36 IST" name="Default test" finished-at="2021-09-07T20:50:36 IST" duration-ms="113">
      <class name="testngpom.Remo">
        <test-method signature="bun()[pri:0, instance:testngpom.Remo@50a638b5]" started-at="2021-09-07T20:50:36 IST" name="bun" finished-at="2021-09-07T20:50:36 IST" duration-ms="15" status="PASS">
          <reporter-output>
            <line>
              <![CDATA[bun succesfully]]>
            </line>
          </reporter-output>
        </test-method> <!-- bun -->
        <test-method signature="gun()[pri:0, instance:testngpom.Remo@50a638b5]" started-at="2021-09-07T20:50:36 IST" name="gun" finished-at="2021-09-07T20:50:36 IST" duration-ms="3" status="PASS">
          <reporter-output>
            <line>
              <![CDATA[gun succesfully]]>
            </line>
          </reporter-output>
        </test-method> <!-- gun -->
        <test-method signature="run()[pri:0, instance:testngpom.Remo@50a638b5]" started-at="2021-09-07T20:50:36 IST" name="run" finished-at="2021-09-07T20:50:36 IST" depends-on-methods="testngpom.Remo.gun" duration-ms="2" status="PASS">
          <reporter-output>
            <line>
              <![CDATA[run succesfully]]>
            </line>
          </reporter-output>
        </test-method> <!-- run -->
      </class> <!-- testngpom.Remo -->
    </test> <!-- Default test -->
  </suite> <!-- Default suite -->
</testng-results>
